Dataset/Injected-Faults/WordPress-Android/WordPress-Android-Defeito-2/libs/image-editor/build/intermediates/manifest_merge_blame_file/debug/manifest-merger-blame-debug-report.txt
1<?xml version="1.0" encoding="utf-8"?>
2<manifest xmlns:android="http://schemas.android.com/apk/res/android"
3    package="org.wordpress.android.imageeditor" >
4
5    <uses-sdk
6        android:minSdkVersion="24"
6-->src/main/AndroidManifest.xml
7        android:targetSdkVersion="30" />
7-->src/main/AndroidManifest.xml
8
9    <application>
9-->src/main/AndroidManifest.xml:4:5-9:19
10        <activity
10-->src/main/AndroidManifest.xml:5:9-8:20
11            android:name="org.wordpress.android.imageeditor.EditImageActivity"
11-->src/main/AndroidManifest.xml:6:13-46
12            android:theme="@style/Base.ImageEditorTheme" >
12-->src/main/AndroidManifest.xml:7:13-57
13        </activity>
14    </application>
15
16</manifest>